Hmm ... looks like a package
Converting parsed Rd's to LaTeX 
Creating pdf output from LaTeX ...
Error in texi2dvi(file = file, pdf = TRUE, clean = clean, quiet = quiet,  : 
  Running 'texi2dvi' on 'Rd2.tex' failed.
Messages:
/usr/local/bin/texi2dvi: makeindex failed
Output:
This is pdfTeX, Version 3.141592653-2.6-1.40.24 (TeX Live 2022) (preloaded format=pdflatex)
 restricted \write18 enabled.
entering extended mode
LaTeX2e <2021-11-15> patch level 1
L3 programming layer <2022-05-04>
(./Rd2.tex
(/Users/brady/Library/TinyTeX/texmf-dist/tex/latex/base/book.cls
Document Class: book 2021/10/04 v1.4n Standard LaTeX document class
(/Users/brady/Library/TinyTeX/texmf-dist/tex/latex/base/bk10.clo)) (/Library/Frameworks/R.framework/Resources/share/texmf/tex/latex/Rd.sty (/Users/brady/Library/TinyTeX/texmf-dist/tex/latex/base/ifthen.sty) (/Users/brady/Library/TinyTeX/texmf-dist/tex/latex/tools/longtable.sty) (/Users/brady/Library/TinyTeX/texmf-dist/tex/latex/tools/bm.sty) (/Users/brady/Library/TinyTeX/texmf-dist/tex/latex/base/alltt.sty) (/Users/brady/Library/TinyTeX/texmf-dist/tex/latex/tools/verbatim.sty) (/Users/brady/Library/TinyTeX/texmf-dist/tex/latex/url/url.sty) (/Users/brady/Library/TinyTeX/texmf-dist/tex/latex/base/textcomp.sty) (/Users/brady/Library/TinyTeX/texmf-dist/tex/generic/iftex/iftex.sty) (/Users/brady/Library/TinyTeX/texmf-dist/tex/latex/base/fontenc.sty) (/Users/brady/Library/TinyTeX/texmf-dist/tex/latex/psnfss/times.sty) (/Users/brady/Library/TinyTeX/texmf-dist/tex/latex/inconsolata/zi4.sty `inconsolata-zi4' v1.12, 2019/05/17 Text macros for Inconsolata (msharpe) (/Users/brady/Library/TinyTeX/texmf-dist/tex/latex/xkeyval/xkeyval.sty (/Users/brady/Library/TinyTeX/texmf-dist/tex/generic/xkeyval/xkeyval.tex (/Users/brady/Library/TinyTeX/texmf-dist/tex/generic/xkeyval/xkvutils.tex (/Users/brady/Library/TinyTeX/texmf-dist/tex/generic/xkeyval/keyval.tex))))) (/Users/brady/Library/TinyTeX/texmf-dist/tex/latex/graphics/color.sty (/Users/brady/Library/TinyTeX/texmf-dist/tex/latex/graphics-cfg/color.cfg) (/Users/brady/Library/TinyTeX/texmf-dist/tex/latex/graphics-def/pdftex.def)) (/Users/brady/Library/TinyTeX/texmf-dist/tex/latex/hyperref/hyperref.sty (/Users/brady/Library/TinyTeX/texmf-dist/tex/generic/ltxcmds/ltxcmds.sty) (/Users/brady/Library/TinyTeX/texmf-dist/tex/generic/pdftexcmds/pdftexcmds.sty (/Users/brady/Library/TinyTeX/texmf-dist/tex/generic/infwarerr/infwarerr.sty)) (/Users/brady/Library/TinyTeX/texmf-dist/tex/generic/kvsetkeys/kvsetkeys.sty) (/Users/brady/Library/TinyTeX/texmf-dist/tex/generic/kvdefinekeys/kvdefinekeys.sty) (/Users/brady/Library/TinyTeX/texmf-dist/tex/generic/pdfescape/pdfescape.sty) (/Users/brady/Library/TinyTeX/texmf-dist/tex/latex/hycolor/hycolor.sty) (/Users/brady/Library/TinyTeX/texmf-dist/tex/latex/letltxmacro/letltxmacro.sty) (/Users/brady/Library/TinyTeX/texmf-dist/tex/latex/auxhook/auxhook.sty) (/Users/brady/Library/TinyTeX/texmf-dist/tex/latex/hyperref/nameref.sty (/Users/brady/Library/TinyTeX/texmf-dist/tex/latex/refcount/refcount.sty) (/Users/brady/Library/TinyTeX/texmf-dist/tex/generic/gettitlestring/gettitlestring.sty (/Users/brady/Library/TinyTeX/texmf-dist/tex/latex/kvoptions/kvoptions.sty))) (/Users/brady/Library/TinyTeX/texmf-dist/tex/latex/hyperref/pd1enc.def) (/Users/brady/Library/TinyTeX/texmf-dist/tex/generic/intcalc/intcalc.sty) (/Users/brady/Library/TinyTeX/texmf-dist/tex/generic/etexcmds/etexcmds.sty) (/Users/brady/Library/TinyTeX/texmf-dist/tex/latex/hyperref/puenc.def) (/Users/brady/Library/TinyTeX/texmf-dist/tex/generic/bitset/bitset.sty (/Users/brady/Library/TinyTeX/texmf-dist/tex/generic/bigintcalc/bigintcalc.sty)) (/Users/brady/Library/TinyTeX/texmf-dist/tex/latex/base/atbegshi-ltx.sty)) (/Users/brady/Library/TinyTeX/texmf-dist/tex/latex/hyperref/hpdftex.def (/Users/brady/Library/TinyTeX/texmf-dist/tex/latex/base/atveryend-ltx.sty) (/Users/brady/Library/TinyTeX/texmf-dist/tex/latex/rerunfilecheck/rerunfilecheck.sty (/Users/brady/Library/TinyTeX/texmf-dist/tex/generic/uniquecounter/uniquecounter.sty)))

Package hyperref Warning: Option `hyperindex' has already been used,
(hyperref)                setting the option has no effect on input line 388.


Package hyperref Warning: Option `pagebackref' has already been used,
(hyperref)                setting the option has no effect on input line 388.

) (/Users/brady/Library/TinyTeX/texmf-dist/tex/latex/base/makeidx.sty) (/Users/brady/Library/TinyTeX/texmf-dist/tex/latex/base/inputenc.sty)
Writing index file Rd2.idx
(/Users/brady/Library/TinyTeX/texmf-dist/tex/latex/psnfss/t1ptm.fd) (/Users/brady/Library/TinyTeX/texmf-dist/tex/latex/l3backend/l3backend-pdftex.def)
No file Rd2.aux.
(/Users/brady/Library/TinyTeX/texmf-dist/tex/latex/inconsolata/t1zi4.fd) (/Users/brady/Library/TinyTeX/texmf-dist/tex/latex/psnfss/t1phv.fd)
No file Rd2.toc.
[1{/Users/brady/Library/TinyTeX/texmf-var/fonts/map/pdftex/updmap/pdftex.map}] [2]
Overfull \hbox (89.38655pt too wide) in paragraph at lines 123--125
[]\T1/ptm/m/n/10 Start of the data and thus end of the meta-data. De-ter-mined with `chromr::chrom_find_data_start_line()` 
[3] [4] [5]
No file Rd2.ind.
[6] (/private/var/folders/38/3mm483fj3p71dxyzsr_xvqz00000gn/T/RtmpkzheGA/Rd2pdf84e428e67284/Rd2.aux)

Package rerunfilecheck Warning: File `Rd2.out' has changed.
(rerunfilecheck)                Rerun to get outlines right
(rerunfilecheck)                or use package `bookmark'.

 )
(see the transcript file for additional information){/Users/brady/Library/TinyTeX/texmf-dist/fonts/enc/dvips/base/8r.enc}{/Users/brady/Library/TinyTeX/texmf-dist/fonts/enc/dvips/inconsolata/i4-t1-0.enc}</Users/brady/Library/TinyTeX/texmf-dist/fonts/type1/public/inconsolata/Inconsolata-zi4r.pfb></Users/brady/Library/TinyTeX/texmf-dist/fonts/type1/urw/helvetic/uhvr8a.pfb></Users/brady/Library/TinyTeX/texmf-dist/fonts/type1/urw/times/utmb8a.pfb></Users/brady/Library/TinyTeX/texmf-dist/fonts/type1/urw/times/utmr8a.pfb></Users/brady/Library/TinyTeX/texmf-dist/fonts/type1/urw/times/utmr8a.pfb></Users/brady/Library/TinyTeX/texmf-dist/fonts/type1/urw/times/utmri8a.pfb>
Output written on Rd2.pdf (6 pages, 85973 bytes).
Transcript written on Rd2.log.
This is pdfTeX, Version 3.141592653-2.6-1.40.24 (TeX Live 2022) (preloaded format=pdflatex)
 restricted \write18 enabled.
entering extended mode
LaTeX2e <2021-11-15> patch level 1
L3 programming layer <2022-05-04>
(./Rd2.tex
(/Users/brady/Library/TinyTeX/texmf-dist/tex/latex/base/book.cls
Document Class: book 2021/10/04 v1.4n Standard LaTeX document class
(/Users/brady/Library/TinyTeX/texmf-dist/tex/latex/base/bk10.clo)) (/Library/Frameworks/R.framework/Resources/share/texmf/tex/latex/Rd.sty (/Users/brady/Library/TinyTeX/texmf-dist/tex/latex/base/ifthen.sty) (/Users/brady/Library/TinyTeX/texmf-dist/tex/latex/tools/longtable.sty) (/Users/brady/Library/TinyTeX/texmf-dist/tex/latex/tools/bm.sty) (/Users/brady/Library/TinyTeX/texmf-dist/tex/latex/base/alltt.sty) (/Users/brady/Library/TinyTeX/texmf-dist/tex/latex/tools/verbatim.sty) (/Users/brady/Library/TinyTeX/texmf-dist/tex/latex/url/url.sty) (/Users/brady/Library/TinyTeX/texmf-dist/tex/latex/base/textcomp.sty) (/Users/brady/Library/TinyTeX/texmf-dist/tex/generic/iftex/iftex.sty) (/Users/brady/Library/TinyTeX/texmf-dist/tex/latex/base/fontenc.sty) (/Users/brady/Library/TinyTeX/texmf-dist/tex/latex/psnfss/times.sty) (/Users/brady/Library/TinyTeX/texmf-dist/tex/latex/inconsolata/zi4.sty `inconsolata-zi4' v1.12, 2019/05/17 Text macros for Inconsolata (msharpe) (/Users/brady/Library/TinyTeX/texmf-dist/tex/latex/xkeyval/xkeyval.sty (/Users/brady/Library/TinyTeX/texmf-dist/tex/generic/xkeyval/xkeyval.tex (/Users/brady/Library/TinyTeX/texmf-dist/tex/generic/xkeyval/xkvutils.tex (/Users/brady/Library/TinyTeX/texmf-dist/tex/generic/xkeyval/keyval.tex))))) (/Users/brady/Library/TinyTeX/texmf-dist/tex/latex/graphics/color.sty (/Users/brady/Library/TinyTeX/texmf-dist/tex/latex/graphics-cfg/color.cfg) (/Users/brady/Library/TinyTeX/texmf-dist/tex/latex/graphics-def/pdftex.def)) (/Users/brady/Library/TinyTeX/texmf-dist/tex/latex/hyperref/hyperref.sty (/Users/brady/Library/TinyTeX/texmf-dist/tex/generic/ltxcmds/ltxcmds.sty) (/Users/brady/Library/TinyTeX/texmf-dist/tex/generic/pdftexcmds/pdftexcmds.sty (/Users/brady/Library/TinyTeX/texmf-dist/tex/generic/infwarerr/infwarerr.sty)) (/Users/brady/Library/TinyTeX/texmf-dist/tex

This is pdfTeX, Version 3.141592653-2.6-1.40.24 (TeX Live 2022) (preloaded format=pdflatex)
 restricted \write18 enabled.
entering extended mode
LaTeX2e <2021-11-15> patch level 1
L3 programming layer <2022-05-04>
(./Rd2.tex
(/Users/brady/Library/TinyTeX/texmf-dist/tex/latex/base/book.cls
Document Class: book 2021/10/04 v1.4n Standard LaTeX document class
(/Users/brady/Library/TinyTeX/texmf-dist/tex/latex/base/bk10.clo)) (/Library/Frameworks/R.framework/Resources/share/texmf/tex/latex/Rd.sty (/Users/brady/Library/TinyTeX/texmf-dist/tex/latex/base/ifthen.sty) (/Users/brady/Library/TinyTeX/texmf-dist/tex/latex/tools/longtable.sty) (/Users/brady/Library/TinyTeX/texmf-dist/tex/latex/tools/bm.sty) (/Users/brady/Library/TinyTeX/texmf-dist/tex/latex/base/alltt.sty) (/Users/brady/Library/TinyTeX/texmf-dist/tex/latex/tools/verbatim.sty) (/Users/brady/Library/TinyTeX/texmf-dist/tex/latex/url/url.sty) (/Users/brady/Library/TinyTeX/texmf-dist/tex/latex/base/textcomp.sty) (/Users/brady/Library/TinyTeX/texmf-dist/tex/generic/iftex/iftex.sty) (/Users/brady/Library/TinyTeX/texmf-dist/tex/latex/base/fontenc.sty) (/Users/brady/Library/TinyTeX/texmf-dist/tex/latex/psnfss/times.sty) (/Users/brady/Library/TinyTeX/texmf-dist/tex/latex/inconsolata/zi4.sty `inconsolata-zi4' v1.12, 2019/05/17 Text macros for Inconsolata (msharpe) (/Users/brady/Library/TinyTeX/texmf-dist/tex/latex/xkeyval/xkeyval.sty (/Users/brady/Library/TinyTeX/texmf-dist/tex/generic/xkeyval/xkeyval.tex (/Users/brady/Library/TinyTeX/texmf-dist/tex/generic/xkeyval/xkvutils.tex (/Users/brady/Library/TinyTeX/texmf-dist/tex/generic/xkeyval/keyval.tex))))) (/Users/brady/Library/TinyTeX/texmf-dist/tex/latex/graphics/color.sty (/Users/brady/Library/TinyTeX/texmf-dist/tex/latex/graphics-cfg/color.cfg) (/Users/brady/Library/TinyTeX/texmf-dist/tex/latex/graphics-def/pdftex.def)) (/Users/brady/Library/TinyTeX/texmf-dist/tex/latex/hyperref/hyperref.sty (/Users/brady/Library/TinyTeX/texmf-dist/tex/generic/ltxcmds/ltxcmds.sty) (/Users/brady/Library/TinyTeX/texmf-dist/tex/generic/pdftexcmds/pdftexcmds.sty (/Users/brady/Library/TinyTeX/texmf-dist/tex/generic/infwarerr/infwarerr.sty)) (/Users/brady/Library/TinyTeX/texmf-dist/tex/generic/kvsetkeys/kvsetkeys.sty) (/Users/brady/Library/TinyTeX/texmf-dist/tex/generic/kvdefinekeys/kvdefinekeys.sty) (/Users/brady/Library/TinyTeX/texmf-dist/tex/generic/pdfescape/pdfescape.sty) (/Users/brady/Library/TinyTeX/texmf-dist/tex/latex/hycolor/hycolor.sty) (/Users/brady/Library/TinyTeX/texmf-dist/tex/latex/letltxmacro/letltxmacro.sty) (/Users/brady/Library/TinyTeX/texmf-dist/tex/latex/auxhook/auxhook.sty) (/Users/brady/Library/TinyTeX/texmf-dist/tex/latex/hyperref/nameref.sty (/Users/brady/Library/TinyTeX/texmf-dist/tex/latex/refcount/refcount.sty) (/Users/brady/Library/TinyTeX/texmf-dist/tex/generic/gettitlestring/gettitlestring.sty (/Users/brady/Library/TinyTeX/texmf-dist/tex/latex/kvoptions/kvoptions.sty))) (/Users/brady/Library/TinyTeX/texmf-dist/tex/latex/hyperref/pd1enc.def) (/Users/brady/Library/TinyTeX/texmf-dist/tex/generic/intcalc/intcalc.sty) (/Users/brady/Library/TinyTeX/texmf-dist/tex/generic/etexcmds/etexcmds.sty) (/Users/brady/Library/TinyTeX/texmf-dist/tex/latex/hyperref/puenc.def) (/Users/brady/Library/TinyTeX/texmf-dist/tex/generic/bitset/bitset.sty (/Users/brady/Library/TinyTeX/texmf-dist/tex/generic/bigintcalc/bigintcalc.sty)) (/Users/brady/Library/TinyTeX/texmf-dist/tex/latex/base/atbegshi-ltx.sty)) (/Users/brady/Library/TinyTeX/texmf-dist/tex/latex/hyperref/hpdftex.def (/Users/brady/Library/TinyTeX/texmf-dist/tex/latex/base/atveryend-ltx.sty) (/Users/brady/Library/TinyTeX/texmf-dist/tex/latex/rerunfilecheck/rerunfilecheck.sty (/Users/brady/Library/TinyTeX/texmf-dist/tex/generic/uniquecounter/uniquecounter.sty)))

Package hyperref Warning: Option `hyperindex' has already been used,
(hyperref)                setting the option has no effect on input line 388.


Package hyperref Warning: Option `pagebackref' has already been used,
(hyperref)                setting the option has no effect on input line 388.

) (/Users/brady/Library/TinyTeX/texmf-dist/tex/latex/base/makeidx.sty) (/Users/brady/Library/TinyTeX/texmf-dist/tex/latex/base/inputenc.sty)
Writing index file Rd2.idx
(/Users/brady/Library/TinyTeX/texmf-dist/tex/latex/psnfss/t1ptm.fd) (/Users/brady/Library/TinyTeX/texmf-dist/tex/latex/l3backend/l3backend-pdftex.def) (/private/var/folders/38/3mm483fj3p71dxyzsr_xvqz00000gn/T/RtmpkzheGA/Rd2pdf84e428e67284/Rd2.aux) (/private/var/folders/38/3mm483fj3p71dxyzsr_xvqz00000gn/T/RtmpkzheGA/Rd2pdf84e428e67284/Rd2.out) (/private/var/folders/38/3mm483fj3p71dxyzsr_xvqz00000gn/T/RtmpkzheGA/Rd2pdf84e428e67284/Rd2.out) (/Users/brady/Library/TinyTeX/texmf-dist/tex/latex/inconsolata/t1zi4.fd) (/Users/brady/Library/TinyTeX/texmf-dist/tex/latex/psnfss/t1phv.fd) (/private/var/folders/38/3mm483fj3p71dxyzsr_xvqz00000gn/T/RtmpkzheGA/Rd2pdf84e428e67284/Rd2.toc) [1{/Users/brady/Library/TinyTeX/texmf-var/fonts/map/pdftex/updmap/pdftex.map}] [2]
Overfull \hbox (89.38655pt too wide) in paragraph at lines 123--125
[]\T1/ptm/m/n/10 Start of the data and thus end of the meta-data. De-ter-mined with `chromr::chrom_find_data_start_line()` 
[3] [4] [5]
No file Rd2.ind.
[6] (/private/var/folders/38/3mm483fj3p71dxyzsr_xvqz00000gn/T/RtmpkzheGA/Rd2pdf84e428e67284/Rd2.aux) )
(see the transcript file for additional information){/Users/brady/Library/TinyTeX/texmf-dist/fonts/enc/dvips/base/8r.enc}{/Users/brady/Library/TinyTeX/texmf-dist/fonts/enc/dvips/inconsolata/i4-t1-0.enc}</Users/brady/Library/TinyTeX/texmf-dist/fonts/type1/public/inconsolata/Inconsolata-zi4r.pfb></Users/brady/Library/TinyTeX/texmf-dist/fonts/type1/urw/helvetic/uhvr8a.pfb></Users/brady/Library/TinyTeX/texmf-dist/fonts/type1/urw/times/utmb8a.pfb></Users/brady/Library/TinyTeX/texmf-dist/fonts/type1/urw/times/utmr8a.pfb></Users/brady/Library/TinyTeX/texmf-dist/fonts/type1/urw/times/utmr8a.pfb></Users/brady/Library/TinyTeX/texmf-dist/fonts/type1/urw/times/utmri8a.pfb>
Output written on Rd2.pdf (6 pages, 87349 bytes).
Transcript written on Rd2.log.
Saving output to ‘chromr-manual.pdf’ ...
Done
You may want to clean up by 'rm -Rf /var/folders/38/3mm483fj3p71dxyzsr_xvqz00000gn/T//RtmpkzheGA/Rd2pdf84e428e67284'
